[2026-03-18 19:17:00] 🚨 AVC NUEVO POST CON CITA: [] ✅ PRIMER PASAPORTE ESPAÑOL TURNOS HABILITADOS/ AGOTADOS 💎 📆 FECHA CITA: 27/04/2026 🟣 ÚLTIMOS HABILITADOS: ENERO CONTÁCTA
[2026-03-18 19:17:00] 🚨 AVC NUEVO POST CON CITA: [] ✅ INFO-RECOGIDA 💲 1️⃣ 5️⃣ 💲 🅰️ 🅰️ 🅰️ 💲 🅾️ ✅ Te informamos: 1️⃣ POR QUÉ FECHA VA LA RECOGIDA DE PASAPORTES SEGUN LA CITA 
[2026-03-18 19:17:00] 🚨 AVC NUEVO POST CON CITA: [] 😈 😈 😈 😈 😈 😈 CITAS CONABI LEGALIZACIÓN MINJUS www.conabi.cu
[2026-03-18 19:17:00] 🚨 AVC NUEVO POST CON CITA: [] 🖥 CERTIFICADO DE MATRIMONIO ESPAÑOL TURNOS HABILITADOS 📆 FECHA CITA: 31/03/2026 🟣 ÚLTIMAS CREDENCIALES: 13/03/2026 Conta
[2026-03-18 19:17:00] 🚨 AVC NUEVO POST CON CITA: [] ✈️ SUS REPORTES 👉🏻 LLEGANDO CREDENCIALES LMD –HABANA 🇨🇺 📌 SOLICITUDES REALIZADAS: 😈 😈 de julio de 2024 ⏰ HORARIO: 🇨🇺 05:
[2026-03-18 19:17:00] 🚨 AVC NUEVO POST CON CITA: [] 📧 &quot;SUS REPORTES – AVC&quot; 👉🏻 Llegando credenciales de Legalización Consular 📌 Solicitudes realizadas: 😈 😈 de febr
[2026-03-18 19:17:00] 🚨 AVC NUEVO POST CON CITA: [] 💼 Diferencia entre Legalización Consular y Apostilla: ❎ CUBA NO APOSTILLA 🔹 Apostilla Es una certificación única que se 
[2026-03-18 19:17:00] 🚨 AVC NUEVO POST CON CITA: [] ✈️ SUS REPORTES – AVC 👉🏻 LLEGANDO CREDENCIALES 🛂 VISADO DE CORTA DURACIÓN 📌 SOLICITUDES REALIZADAS: 🗓 20 DE JUNIO DE 202
[2026-03-18 19:17:00] 🔧 AVC NUEVO POST TECH: [] 📢 AVC TRÁMITES VISADO RESIDENCIAL PARA FAMILIA DE LA UNION 👉🏻 En las admisiones a trámite de la solicitud de residencia 
[2026-03-18 19:17:00] 🚨 AVC NUEVO POST CON CITA: [] 📣 INFORMACIÓN AVC –CITAS CONSULADO DE ESPAÑA EN LA HABANA 🇪🇸 🇨🇺 ⚠️ ¡ATENCIÓN&#33; Aunque la web oficial indique que pued
[2026-03-18 19:17:00] 🚨 AVC NUEVO POST CON CITA: [] ☑️ PRIMER PASAPORTE ESPAÑOL TURNOS HABILITADOS/ AGOTADOS 💎 📆 FECHA CITA: 30/04/2026 🟣 ÚLTIMOS HABILITADOS: ENERO CONTÁCT
[2026-03-18 19:17:00] 🚨 AVC NUEVO POST CON CITA: [] ✈️ SUS REPORTES 👉🏻 LLEGANDO CREDENCIALES LMD –HABANA 🇨🇺 📌 SOLICITUDES REALIZADAS: 🌌 🌌 de julio de 2024 ✔️ Información ve
[2026-03-18 19:17:00] 🚨 AVC NUEVO POST CON CITA: [] 📣 ACTUALIZACIÓN AVC – CITAS HABANA PASAPORTES 🇪🇸 🇨🇺 ⚠️ Aunque la web PRIMER PASAPORTE indica inscritos en Noviembre disp
[2026-03-18 19:17:00] 🚨 AVC NUEVO POST CON CITA: [] 📢 AVC REPORTES 🕖 SERVICIO CONSULAR 📄 Solicitud de Primer Pasaporte con fechas 2️⃣ 7️⃣ de enero de 2026 ✅ YA DISPONIBLES 
[2026-03-18 19:27:36] CICLO #2 — sin posts nuevos (20 posts totales)
[2026-03-19 09:43:11] 🚨 AVC NUEVO POST CON CITA: [] 🌌 🌌 🌌 🌌 🌌 🌌 🌌 https://whatsapp.com/channel/0029VarOLW24NVigt5eyhg0S https://t.me/AsesorVirtualC ❔ ¿ CÓMO OBTENER EL CERT
[2026-03-19 09:53:39] CICLO #4 — sin posts nuevos (20 posts totales)
[2026-03-19 10:02:31] CICLO #5 — sin posts nuevos (20 posts totales)
[2026-03-19 10:11:44] CICLO #6 — sin posts nuevos (20 posts totales)
[2026-03-19 10:21:14] CICLO #7 — sin posts nuevos (20 posts totales)
[2026-03-19 10:32:41] CICLO #8 — sin posts nuevos (20 posts totales)
[2026-03-19 10:42:01] CICLO #9 — sin posts nuevos (20 posts totales)
[2026-03-19 10:51:41] CICLO #10 — sin posts nuevos (20 posts totales)
[2026-03-19 11:01:11] CICLO #11 — sin posts nuevos (20 posts totales)
[2026-03-19 11:10:23] CICLO #12 — sin posts nuevos (20 posts totales)
[2026-03-19 11:20:37] CICLO #13 — sin posts nuevos (20 posts totales)
[2026-03-19 11:30:03] CICLO #14 — sin posts nuevos (20 posts totales)
[2026-03-19 11:40:48] CICLO #15 — sin posts nuevos (20 posts totales)
[2026-03-19 11:51:03] CICLO #16 — sin posts nuevos (20 posts totales)
[2026-03-19 12:00:30] CICLO #17 — sin posts nuevos (20 posts totales)
[2026-03-19 12:10:58] CICLO #18 — sin posts nuevos (20 posts totales)
[2026-03-19 12:20:19] 🚨 AVC NUEVO POST CON CITA: [] ✅ LEGALIZACION CONSULAR TURNOS HABILITADOS 💎 📆 FECHA CITA: 16/04/2026 🟣 ULTIMAS CREDENCIALES: 02/04/2026 Contacto, Gesti
[2026-03-19 12:28:40] CICLO #20 — sin posts nuevos (20 posts totales)
[2026-03-19 12:38:20] CICLO #21 — sin posts nuevos (20 posts totales)
[2026-03-19 12:47:19] CICLO #22 — sin posts nuevos (20 posts totales)
[2026-03-19 12:56:56] CICLO #23 — sin posts nuevos (20 posts totales)
[2026-03-19 13:06:12] CICLO #24 — sin posts nuevos (20 posts totales)
[2026-03-19 13:14:07] CICLO #25 — sin posts nuevos (20 posts totales)
[2026-03-19 13:24:52] CICLO #26 — sin posts nuevos (20 posts totales)
[2026-03-19 13:32:58] CICLO #27 — sin posts nuevos (20 posts totales)
[2026-03-19 13:43:03] CICLO #28 — sin posts nuevos (20 posts totales)
