[2026-03-19 09:44:08] 🚨 AVC NUEVO POST CON CITA: [] ✅ PRIMER PASAPORTE ESPAÑOL TURNOS HABILITADOS/ AGOTADOS 💎 📆 FECHA CITA: 27/04/2026 🟣 ÚLTIMOS HABILITADOS: ENERO CONTÁCTA
[2026-03-19 09:44:08] 🚨 AVC NUEVO POST CON CITA: [] ✅ INFO-RECOGIDA 💲 1️⃣ 5️⃣ 💲 🅰️ 🅰️ 🅰️ 💲 🅾️ ✅ Te informamos: 1️⃣ POR QUÉ FECHA VA LA RECOGIDA DE PASAPORTES SEGUN LA CITA 
[2026-03-19 09:44:08] 🚨 AVC NUEVO POST CON CITA: [] 😈 😈 😈 😈 😈 😈 CITAS CONABI LEGALIZACIÓN MINJUS www.conabi.cu
[2026-03-19 09:44:08] 🚨 AVC NUEVO POST CON CITA: [] 🖥 CERTIFICADO DE MATRIMONIO ESPAÑOL TURNOS HABILITADOS 📆 FECHA CITA: 31/03/2026 🟣 ÚLTIMAS CREDENCIALES: 13/03/2026 Conta
[2026-03-19 09:44:08] 🚨 AVC NUEVO POST CON CITA: [] ✈️ SUS REPORTES 👉🏻 LLEGANDO CREDENCIALES LMD –HABANA 🇨🇺 📌 SOLICITUDES REALIZADAS: 😈 😈 de julio de 2024 ⏰ HORARIO: 🇨🇺 05:
[2026-03-19 09:44:08] 🚨 AVC NUEVO POST CON CITA: [] 📧 &quot;SUS REPORTES – AVC&quot; 👉🏻 Llegando credenciales de Legalización Consular 📌 Solicitudes realizadas: 😈 😈 de febr
[2026-03-19 09:44:08] 🚨 AVC NUEVO POST CON CITA: [] 💼 Diferencia entre Legalización Consular y Apostilla: ❎ CUBA NO APOSTILLA 🔹 Apostilla Es una certificación única que se 
[2026-03-19 09:44:08] 🚨 AVC NUEVO POST CON CITA: [] ✈️ SUS REPORTES – AVC 👉🏻 LLEGANDO CREDENCIALES 🛂 VISADO DE CORTA DURACIÓN 📌 SOLICITUDES REALIZADAS: 🗓 20 DE JUNIO DE 202
[2026-03-19 09:44:08] 🔧 AVC NUEVO POST TECH: [] 📢 AVC TRÁMITES VISADO RESIDENCIAL PARA FAMILIA DE LA UNION 👉🏻 En las admisiones a trámite de la solicitud de residencia 
[2026-03-19 09:44:08] 🚨 AVC NUEVO POST CON CITA: [] 📣 INFORMACIÓN AVC –CITAS CONSULADO DE ESPAÑA EN LA HABANA 🇪🇸 🇨🇺 ⚠️ ¡ATENCIÓN&#33; Aunque la web oficial indique que pued
[2026-03-19 09:44:08] 🚨 AVC NUEVO POST CON CITA: [] ☑️ PRIMER PASAPORTE ESPAÑOL TURNOS HABILITADOS/ AGOTADOS 💎 📆 FECHA CITA: 30/04/2026 🟣 ÚLTIMOS HABILITADOS: ENERO CONTÁCT
[2026-03-19 09:44:08] 🚨 AVC NUEVO POST CON CITA: [] ✈️ SUS REPORTES 👉🏻 LLEGANDO CREDENCIALES LMD –HABANA 🇨🇺 📌 SOLICITUDES REALIZADAS: 🌌 🌌 de julio de 2024 ✔️ Información ve
[2026-03-19 09:44:08] 🚨 AVC NUEVO POST CON CITA: [] 📣 ACTUALIZACIÓN AVC – CITAS HABANA PASAPORTES 🇪🇸 🇨🇺 ⚠️ Aunque la web PRIMER PASAPORTE indica inscritos en Noviembre disp
[2026-03-19 09:44:08] 🚨 AVC NUEVO POST CON CITA: [] 📢 AVC REPORTES 🕖 SERVICIO CONSULAR 📄 Solicitud de Primer Pasaporte con fechas 2️⃣ 7️⃣ de enero de 2026 ✅ YA DISPONIBLES 
[2026-03-19 09:44:08] 🚨 AVC NUEVO POST CON CITA: [] 🌌 🌌 🌌 🌌 🌌 🌌 🌌 https://whatsapp.com/channel/0029VarOLW24NVigt5eyhg0S https://t.me/AsesorVirtualC ❔ ¿ CÓMO OBTENER EL CERT
[2026-03-19 09:52:16] CICLO #2 — sin posts nuevos (20 posts totales)
[2026-03-19 10:03:26] CICLO #3 — sin posts nuevos (20 posts totales)
[2026-03-19 10:12:54] CICLO #4 — sin posts nuevos (20 posts totales)
[2026-03-19 10:21:49] CICLO #5 — sin posts nuevos (20 posts totales)
[2026-03-19 10:32:00] CICLO #6 — sin posts nuevos (20 posts totales)
[2026-03-19 10:44:37] CICLO #7 — sin posts nuevos (20 posts totales)
[2026-03-19 10:55:03] CICLO #8 — sin posts nuevos (20 posts totales)
[2026-03-19 11:05:59] CICLO #9 — sin posts nuevos (20 posts totales)
[2026-03-19 11:17:36] CICLO #10 — sin posts nuevos (20 posts totales)
[2026-03-19 11:26:51] CICLO #11 — sin posts nuevos (20 posts totales)
[2026-03-19 11:37:56] CICLO #12 — sin posts nuevos (20 posts totales)
[2026-03-19 11:47:30] CICLO #13 — sin posts nuevos (20 posts totales)
[2026-03-19 11:58:04] CICLO #14 — sin posts nuevos (20 posts totales)
[2026-03-19 12:07:56] CICLO #15 — sin posts nuevos (20 posts totales)
[2026-03-19 12:19:59] 🚨 AVC NUEVO POST CON CITA: [] ✅ LEGALIZACION CONSULAR TURNOS HABILITADOS 💎 📆 FECHA CITA: 16/04/2026 🟣 ULTIMAS CREDENCIALES: 02/04/2026 Contacto, Gesti
[2026-03-19 12:30:01] CICLO #17 — sin posts nuevos (20 posts totales)
[2026-03-19 12:39:29] CICLO #18 — sin posts nuevos (20 posts totales)
[2026-03-19 12:48:36] CICLO #19 — sin posts nuevos (20 posts totales)
[2026-03-19 13:00:10] CICLO #20 — sin posts nuevos (20 posts totales)
[2026-03-19 13:08:30] CICLO #21 — sin posts nuevos (20 posts totales)
[2026-03-19 13:18:00] CICLO #22 — sin posts nuevos (20 posts totales)
[2026-03-19 13:28:22] CICLO #23 — sin posts nuevos (20 posts totales)
[2026-03-19 13:40:40] CICLO #24 — sin posts nuevos (20 posts totales)
