[2026-03-19 13:37:11] 🚨 AVC NUEVO POST CON CITA: [11:47] ✅ PRIMER PASAPORTE ESPAÑOL TURNOS HABILITADOS/ AGOTADOS 💎 📆 FECHA CITA: 27/04/2026 🟣 ÚLTIMOS HABILITADOS: ENERO CONTÁCTA
[2026-03-19 13:37:11] 🚨 AVC NUEVO POST CON CITA: [14:29] ✅ INFO-RECOGIDA 💲 1️⃣ 5️⃣ 💲 🅰️ 🅰️ 🅰️ 💲 🅾️ ✅ Te informamos: 1️⃣ POR QUÉ FECHA VA LA RECOGIDA DE PASAPORTES SEGUN LA CITA 
[2026-03-19 13:37:11] 🚨 AVC NUEVO POST CON CITA: [18:33] 😈 😈 😈 😈 😈 😈 CITAS CONABI LEGALIZACIÓN MINJUS www.conabi.cu
[2026-03-19 13:37:11] 🚨 AVC NUEVO POST CON CITA: [11:03] 🖥 CERTIFICADO DE MATRIMONIO ESPAÑOL TURNOS HABILITADOS 📆 FECHA CITA: 31/03/2026 🟣 ÚLTIMAS CREDENCIALES: 13/03/2026 Conta
[2026-03-19 13:37:11] 🚨 AVC NUEVO POST CON CITA: [13:29] ✈️ SUS REPORTES 👉🏻 LLEGANDO CREDENCIALES LMD –HABANA 🇨🇺 📌 SOLICITUDES REALIZADAS: 😈 😈 de julio de 2024 ⏰ HORARIO: 🇨🇺 05:
[2026-03-19 13:37:11] 🚨 AVC NUEVO POST CON CITA: [13:36] 📧 &quot;SUS REPORTES – AVC&quot; 👉🏻 Llegando credenciales de Legalización Consular 📌 Solicitudes realizadas: 😈 😈 de febr
[2026-03-19 13:37:11] 🚨 AVC NUEVO POST CON CITA: [15:43] 💼 Diferencia entre Legalización Consular y Apostilla: ❎ CUBA NO APOSTILLA 🔹 Apostilla Es una certificación única que se 
[2026-03-19 13:37:11] 🚨 AVC NUEVO POST CON CITA: [17:14] ✈️ SUS REPORTES – AVC 👉🏻 LLEGANDO CREDENCIALES 🛂 VISADO DE CORTA DURACIÓN 📌 SOLICITUDES REALIZADAS: 🗓 20 DE JUNIO DE 202
[2026-03-19 13:37:11] 🔧 AVC NUEVO POST TECH: [10:21] 📢 AVC TRÁMITES VISADO RESIDENCIAL PARA FAMILIA DE LA UNION 👉🏻 En las admisiones a trámite de la solicitud de residencia 
[2026-03-19 13:37:11] 🚨 AVC NUEVO POST CON CITA: [10:32] 📣 INFORMACIÓN AVC –CITAS CONSULADO DE ESPAÑA EN LA HABANA 🇪🇸 🇨🇺 ⚠️ ¡ATENCIÓN&#33; Aunque la web oficial indique que pued
[2026-03-19 13:37:11] 🚨 AVC NUEVO POST CON CITA: [13:55] ☑️ PRIMER PASAPORTE ESPAÑOL TURNOS HABILITADOS/ AGOTADOS 💎 📆 FECHA CITA: 30/04/2026 🟣 ÚLTIMOS HABILITADOS: ENERO CONTÁCT
[2026-03-19 13:37:11] 🚨 AVC NUEVO POST CON CITA: [14:54] ✈️ SUS REPORTES 👉🏻 LLEGANDO CREDENCIALES LMD –HABANA 🇨🇺 📌 SOLICITUDES REALIZADAS: 🌌 🌌 de julio de 2024 ✔️ Información ve
[2026-03-19 13:37:11] 🚨 AVC NUEVO POST CON CITA: [17:47] 📣 ACTUALIZACIÓN AVC – CITAS HABANA PASAPORTES 🇪🇸 🇨🇺 ⚠️ Aunque la web PRIMER PASAPORTE indica inscritos en Noviembre disp
[2026-03-19 13:37:11] 🚨 AVC NUEVO POST CON CITA: [21:02] 📢 AVC REPORTES 🕖 SERVICIO CONSULAR 📄 Solicitud de Primer Pasaporte con fechas 2️⃣ 7️⃣ de enero de 2026 ✅ YA DISPONIBLES 
[2026-03-19 13:37:11] 🚨 AVC NUEVO POST CON CITA: [08:54] 🌌 🌌 🌌 🌌 🌌 🌌 🌌 https://whatsapp.com/channel/0029VarOLW24NVigt5eyhg0S https://t.me/AsesorVirtualC ❔ ¿ CÓMO OBTENER EL CERT
[2026-03-19 13:37:11] 🚨 AVC NUEVO POST CON CITA: [16:18] ✅ LEGALIZACION CONSULAR TURNOS HABILITADOS 💎 📆 FECHA CITA: 16/04/2026 🟣 ULTIMAS CREDENCIALES: 02/04/2026 Contacto, Gesti
[2026-03-19 13:47:19] CICLO #2 — sin posts nuevos (20 posts totales)
[2026-03-19 13:57:09] CICLO #3 — sin posts nuevos (20 posts totales)
[2026-03-19 14:07:50] CICLO #4 — sin posts nuevos (20 posts totales)
[2026-03-19 14:19:23] CICLO #5 — sin posts nuevos (20 posts totales)
[2026-03-19 14:29:25] CICLO #6 — sin posts nuevos (20 posts totales)
[2026-03-19 14:37:01] CICLO #7 — sin posts nuevos (20 posts totales)
[2026-03-19 14:47:00] CICLO #8 — sin posts nuevos (20 posts totales)
[2026-03-19 14:57:14] CICLO #9 — sin posts nuevos (20 posts totales)
[2026-03-19 15:07:46] CICLO #10 — sin posts nuevos (20 posts totales)
[2026-03-19 15:17:19] CICLO #11 — sin posts nuevos (20 posts totales)
[2026-03-19 15:28:23] CICLO #12 — sin posts nuevos (20 posts totales)
[2026-03-19 15:39:41] CICLO #13 — sin posts nuevos (20 posts totales)
[2026-03-19 15:49:14] CICLO #14 — sin posts nuevos (20 posts totales)
[2026-03-19 16:00:12] CICLO #15 — sin posts nuevos (20 posts totales)
[2026-03-19 16:10:15] CICLO #16 — sin posts nuevos (20 posts totales)
[2026-03-19 16:20:09] 🚨 AVC NUEVO POST CON CITA: [20:20] ✈️ SUS REPORTES – AVC 👉🏻 Llegando credenciales de Legalización Consular 📌 Solicitudes realizadas: 🕛 5️⃣ de febrero de 20
[2026-03-19 16:27:32] CICLO #18 — sin posts nuevos (20 posts totales)
[2026-03-19 16:37:54] 🚨 AVC NUEVO POST CON CITA: [20:32] 📧 SUS REPORTES – AVC 👉🏻 LLEGANDO CREDENCIALES DE VISADO FAMILIAR COMUNITARIO 📌 SOLICITUDES REALIZADAS: 1️⃣ 8️⃣ DE DICIEM
[2026-03-19 16:47:07] CICLO #20 — sin posts nuevos (20 posts totales)
[2026-03-19 16:56:09] CICLO #21 — sin posts nuevos (20 posts totales)
[2026-03-19 17:04:02] CICLO #22 — sin posts nuevos (20 posts totales)
[2026-03-19 17:13:32] CICLO #23 — sin posts nuevos (20 posts totales)
[2026-03-19 17:26:16] CICLO #24 — sin posts nuevos (20 posts totales)
[2026-03-19 17:33:59] CICLO #25 — sin posts nuevos (20 posts totales)
[2026-03-19 17:45:30] CICLO #26 — sin posts nuevos (0 posts totales)
[2026-03-19 17:55:54] CICLO #27 — sin posts nuevos (20 posts totales)
[2026-03-19 18:07:57] CICLO #28 — sin posts nuevos (20 posts totales)
[2026-03-19 18:18:37] CICLO #29 — sin posts nuevos (20 posts totales)
[2026-03-19 18:27:54] CICLO #30 — sin posts nuevos (20 posts totales)
[2026-03-19 18:36:27] CICLO #31 — sin posts nuevos (20 posts totales)
[2026-03-19 18:47:44] CICLO #32 — sin posts nuevos (20 posts totales)
[2026-03-19 18:56:53] CICLO #33 — sin posts nuevos (20 posts totales)
[2026-03-19 19:06:44] CICLO #34 — sin posts nuevos (20 posts totales)
[2026-03-19 19:14:10] CICLO #35 — sin posts nuevos (20 posts totales)
[2026-03-19 19:24:12] CICLO #36 — sin posts nuevos (20 posts totales)
[2026-03-19 19:36:20] CICLO #37 — sin posts nuevos (20 posts totales)
[2026-03-19 19:49:00] CICLO #38 — sin posts nuevos (20 posts totales)
[2026-03-19 19:59:22] CICLO #39 — sin posts nuevos (20 posts totales)
[2026-03-19 20:10:29] CICLO #40 — sin posts nuevos (20 posts totales)
[2026-03-19 20:18:26] CICLO #41 — sin posts nuevos (20 posts totales)
[2026-03-19 20:28:01] CICLO #42 — sin posts nuevos (20 posts totales)
[2026-03-19 20:37:53] CICLO #43 — sin posts nuevos (20 posts totales)
[2026-03-19 20:48:40] CICLO #44 — sin posts nuevos (20 posts totales)
